-- The C compiler identification is GNU 13.3.0
-- The CXX compiler identification is GNU 13.3.0
-- Detecting C compiler ABI info
-- Detecting C compiler ABI info - done
-- Check for working C compiler: /usr/bin/cc - skipped
-- Detecting C compile features
-- Detecting C compile features - done
-- Detecting CXX compiler ABI info
-- Detecting CXX compiler ABI info - done
-- Check for working CXX compiler: /usr/bin/c++ - skipped
-- Detecting CXX compile features
-- Detecting CXX compile features - done
-- Found ament_cmake: 2.5.4 (/opt/ros/jazzy/share/ament_cmake/cmake)
-- Found Python3: /usr/bin/python3 (found version "3.12.3") found components: Interpreter 
-- Override CMake install command with custom implementation using symlinks instead of copying resources
-- Found rclcpp: 28.1.11 (/opt/ros/jazzy/share/rclcpp/cmake)
-- Found rosidl_generator_c: 4.6.6 (/opt/ros/jazzy/share/rosidl_generator_c/cmake)
-- Found rosidl_generator_cpp: 4.6.6 (/opt/ros/jazzy/share/rosidl_generator_cpp/cmake)
-- Using all available rosidl_typesupport_c: rosidl_typesupport_fastrtps_c;rosidl_typesupport_introspection_c
-- Using all available rosidl_typesupport_cpp: rosidl_typesupport_fastrtps_cpp;rosidl_typesupport_introspection_cpp
-- Found rmw_implementation_cmake: 7.3.2 (/opt/ros/jazzy/share/rmw_implementation_cmake/cmake)
-- Found rmw_fastrtps_cpp: 8.4.3 (/opt/ros/jazzy/share/rmw_fastrtps_cpp/cmake)
-- Found OpenSSL: /usr/lib/aarch64-linux-gnu/libcrypto.so (found version "3.0.13")  
-- Found FastRTPS: /opt/ros/jazzy/include (Required is at least version "2.13") 
-- Using RMW implementation 'rmw_fastrtps_cpp' as default
-- Found image_transport: 5.1.7 (/opt/ros/jazzy/share/image_transport/cmake)
-- Found cv_bridge: 4.1.0 (/opt/ros/jazzy/share/cv_bridge/cmake)
-- Found OpenCV: /usr (found version "4.6.0") 
-- Configuring done (0.5s)
-- Generating done (0.0s)
-- Build files have been written to: /home/soumith/vnav/TEAM_7/lab3/build/lab_3
[ 15%] [32mBuilding CXX object CMakeFiles/feature_trackers.dir/src/akaze_feature_tracker.cpp.o[0m
[ 15%] [32mBuilding CXX object CMakeFiles/feature_trackers.dir/src/sift_feature_tracker.cpp.o[0m
[ 23%] [32mBuilding CXX object CMakeFiles/feature_trackers.dir/src/feature_tracker.cpp.o[0m
[ 30%] [32mBuilding CXX object CMakeFiles/optical_flow_farneback.dir/src/optical_flow_farneback.cpp.o[0m
[ 38%] [32mBuilding CXX object CMakeFiles/feature_trackers.dir/src/orb_feature_tracker.cpp.o[0m
[ 46%] [32mBuilding CXX object CMakeFiles/feature_trackers.dir/src/brisk_feature_tracker.cpp.o[0m
[ 53%] [32mBuilding CXX object CMakeFiles/feature_trackers.dir/src/lk_feature_tracker.cpp.o[0m
[ 61%] [32m[1mLinking CXX executable optical_flow_farneback[0m
[ 61%] Built target optical_flow_farneback
[ 69%] [32m[1mLinking CXX static library libfeature_trackers.a[0m
[ 69%] Built target feature_trackers
[ 76%] [32mBuilding CXX object CMakeFiles/self_flow.dir/src/self_flow.cpp.o[0m
[ 84%] [32mBuilding CXX object CMakeFiles/track_features.dir/src/track_features.cpp.o[0m
[ 92%] [32m[1mLinking CXX executable self_flow[0m
[100%] [32m[1mLinking CXX executable track_features[0m
[100%] Built target self_flow
[100%] Built target track_features
-- Install configuration: ""
-- Execute custom install script
-- Symlinking: /home/soumith/vnav/TEAM_7/lab3/install/lab_3/include/lab_3/akaze_feature_tracker.h
-- Symlinking: /home/soumith/vnav/TEAM_7/lab3/install/lab_3/include/lab_3/brisk_feature_tracker.h
-- Symlinking: /home/soumith/vnav/TEAM_7/lab3/install/lab_3/include/lab_3/feature_tracker.h
-- Symlinking: /home/soumith/vnav/TEAM_7/lab3/install/lab_3/include/lab_3/lk_feature_tracker.h
-- Symlinking: /home/soumith/vnav/TEAM_7/lab3/install/lab_3/include/lab_3/orb_feature_tracker.h
-- Symlinking: /home/soumith/vnav/TEAM_7/lab3/install/lab_3/include/lab_3/ring_buffer.hpp
-- Symlinking: /home/soumith/vnav/TEAM_7/lab3/install/lab_3/include/lab_3/sift_feature_tracker.h
-- Symlinking: /home/soumith/vnav/TEAM_7/lab3/install/lab_3/share/lab_3/environment/library_path.sh
-- Symlinking: /home/soumith/vnav/TEAM_7/lab3/install/lab_3/share/lab_3/environment/library_path.dsv
-- Symlinking: /home/soumith/vnav/TEAM_7/lab3/install/lab_3/lib/lab_3/track_features
-- Symlinking: /home/soumith/vnav/TEAM_7/lab3/install/lab_3/lib/lab_3/self_flow
-- Symlinking: /home/soumith/vnav/TEAM_7/lab3/install/lab_3/share/lab_3/images/box.png
-- Symlinking: /home/soumith/vnav/TEAM_7/lab3/install/lab_3/share/lab_3/images/box_in_scene.png
-- Symlinking: /home/soumith/vnav/TEAM_7/lab3/install/lab_3/share/lab_3/images/greece.jpg
-- Symlinking: /home/soumith/vnav/TEAM_7/lab3/install/lab_3/share/lab_3/images/greece_in_scene.jpg
-- Symlinking: /home/soumith/vnav/TEAM_7/lab3/install/lab_3/share/lab_3/launch/self_flow.launch.yaml
-- Symlinking: /home/soumith/vnav/TEAM_7/lab3/install/lab_3/share/lab_3/launch/two_frames_tracking.launch.yaml
-- Symlinking: /home/soumith/vnav/TEAM_7/lab3/install/lab_3/share/lab_3/launch/video_tracking.launch.yaml
-- Symlinking: /home/soumith/vnav/TEAM_7/lab3/install/lab_3/share/lab_3/bags/.gitkeep
-- Symlinking: /home/soumith/vnav/TEAM_7/lab3/install/lab_3/lib/lab_3/optical_flow_farneback
-- Symlinking: /home/soumith/vnav/TEAM_7/lab3/install/lab_3/share/ament_index/resource_index/package_run_dependencies/lab_3
-- Symlinking: /home/soumith/vnav/TEAM_7/lab3/install/lab_3/share/ament_index/resource_index/parent_prefix_path/lab_3
-- Symlinking: /home/soumith/vnav/TEAM_7/lab3/install/lab_3/share/lab_3/environment/ament_prefix_path.sh
-- Symlinking: /home/soumith/vnav/TEAM_7/lab3/install/lab_3/share/lab_3/environment/ament_prefix_path.dsv
-- Symlinking: /home/soumith/vnav/TEAM_7/lab3/install/lab_3/share/lab_3/environment/path.sh
-- Symlinking: /home/soumith/vnav/TEAM_7/lab3/install/lab_3/share/lab_3/environment/path.dsv
-- Symlinking: /home/soumith/vnav/TEAM_7/lab3/install/lab_3/share/lab_3/local_setup.bash
-- Symlinking: /home/soumith/vnav/TEAM_7/lab3/install/lab_3/share/lab_3/local_setup.sh
-- Symlinking: /home/soumith/vnav/TEAM_7/lab3/install/lab_3/share/lab_3/local_setup.zsh
-- Symlinking: /home/soumith/vnav/TEAM_7/lab3/install/lab_3/share/lab_3/local_setup.dsv
-- Symlinking: /home/soumith/vnav/TEAM_7/lab3/install/lab_3/share/lab_3/package.dsv
-- Symlinking: /home/soumith/vnav/TEAM_7/lab3/install/lab_3/share/ament_index/resource_index/packages/lab_3
-- Symlinking: /home/soumith/vnav/TEAM_7/lab3/install/lab_3/share/lab_3/cmake/ament_cmake_export_targets-extras.cmake
-- Symlinking: /home/soumith/vnav/TEAM_7/lab3/install/lab_3/share/lab_3/cmake/lab_3Config.cmake
-- Symlinking: /home/soumith/vnav/TEAM_7/lab3/install/lab_3/share/lab_3/cmake/lab_3Config-version.cmake
-- Symlinking: /home/soumith/vnav/TEAM_7/lab3/install/lab_3/share/lab_3/package.xml
-- Installing: /home/soumith/vnav/TEAM_7/lab3/install/lab_3/lib/libfeature_trackers.a
-- Installing: /home/soumith/vnav/TEAM_7/lab3/install/lab_3/share/lab_3/cmake/export_lab_3Export.cmake
-- Installing: /home/soumith/vnav/TEAM_7/lab3/install/lab_3/share/lab_3/cmake/export_lab_3Export-noconfig.cmake
