[0.006s] Invoking command in '/home/soumith/vnav/TEAM_7/lab3/build/lab_3': CMAKE_PREFIX_PATH=${CMAKE_PREFIX_PATH}:/opt/ros/jazzy DEBUGINFOD_URLS=https://debuginfod.ubuntu.com /usr/bin/cmake /home/soumith/vnav/TEAM_7/lab3 -DAMENT_CMAKE_SYMLINK_INSTALL=1 -DCMAKE_INSTALL_PREFIX=/home/soumith/vnav/TEAM_7/lab3/install/lab_3
[0.052s] -- The C compiler identification is GNU 13.3.0
[0.090s] -- The CXX compiler identification is GNU 13.3.0
[0.097s] -- Detecting C compiler ABI info
[0.139s] -- Detecting C compiler ABI info - done
[0.143s] -- Check for working C compiler: /usr/bin/cc - skipped
[0.144s] -- Detecting C compile features
[0.144s] -- Detecting C compile features - done
[0.148s] -- Detecting CXX compiler ABI info
[0.194s] -- Detecting CXX compiler ABI info - done
[0.199s] -- Check for working CXX compiler: /usr/bin/c++ - skipped
[0.199s] -- Detecting CXX compile features
[0.199s] -- Detecting CXX compile features - done
[0.201s] -- Found ament_cmake: 2.5.4 (/opt/ros/jazzy/share/ament_cmake/cmake)
[0.266s] -- Found Python3: /usr/bin/python3 (found version "3.12.3") found components: Interpreter 
[0.299s] -- Override CMake install command with custom implementation using symlinks instead of copying resources
[0.312s] -- Found rclcpp: 28.1.11 (/opt/ros/jazzy/share/rclcpp/cmake)
[0.329s] -- Found rosidl_generator_c: 4.6.6 (/opt/ros/jazzy/share/rosidl_generator_c/cmake)
[0.334s] -- Found rosidl_generator_cpp: 4.6.6 (/opt/ros/jazzy/share/rosidl_generator_cpp/cmake)
[0.341s] -- Using all available rosidl_typesupport_c: rosidl_typesupport_fastrtps_c;rosidl_typesupport_introspection_c
[0.348s] -- Using all available rosidl_typesupport_cpp: rosidl_typesupport_fastrtps_cpp;rosidl_typesupport_introspection_cpp
[0.380s] -- Found rmw_implementation_cmake: 7.3.2 (/opt/ros/jazzy/share/rmw_implementation_cmake/cmake)
[0.381s] -- Found rmw_fastrtps_cpp: 8.4.3 (/opt/ros/jazzy/share/rmw_fastrtps_cpp/cmake)
[0.412s] -- Found OpenSSL: /usr/lib/aarch64-linux-gnu/libcrypto.so (found version "3.0.13")  
[0.421s] -- Found FastRTPS: /opt/ros/jazzy/include (Required is at least version "2.13") 
[0.432s] -- Using RMW implementation 'rmw_fastrtps_cpp' as default
[0.462s] -- Found image_transport: 5.1.7 (/opt/ros/jazzy/share/image_transport/cmake)
[0.494s] -- Found cv_bridge: 4.1.0 (/opt/ros/jazzy/share/cv_bridge/cmake)
[0.505s] -- Found OpenCV: /usr (found version "4.6.0") 
[0.556s] -- Configuring done (0.5s)
[0.572s] -- Generating done (0.0s)
[0.575s] -- Build files have been written to: /home/soumith/vnav/TEAM_7/lab3/build/lab_3
[0.580s] Invoked command in '/home/soumith/vnav/TEAM_7/lab3/build/lab_3' returned '0': CMAKE_PREFIX_PATH=${CMAKE_PREFIX_PATH}:/opt/ros/jazzy DEBUGINFOD_URLS=https://debuginfod.ubuntu.com /usr/bin/cmake /home/soumith/vnav/TEAM_7/lab3 -DAMENT_CMAKE_SYMLINK_INSTALL=1 -DCMAKE_INSTALL_PREFIX=/home/soumith/vnav/TEAM_7/lab3/install/lab_3
[0.581s] Invoking command in '/home/soumith/vnav/TEAM_7/lab3/build/lab_3': CMAKE_PREFIX_PATH=${CMAKE_PREFIX_PATH}:/opt/ros/jazzy DEBUGINFOD_URLS=https://debuginfod.ubuntu.com /usr/bin/cmake --build /home/soumith/vnav/TEAM_7/lab3/build/lab_3 -- -j4 -l4
[0.602s] [ 15%] [32mBuilding CXX object CMakeFiles/feature_trackers.dir/src/akaze_feature_tracker.cpp.o[0m
[0.602s] [ 15%] [32mBuilding CXX object CMakeFiles/feature_trackers.dir/src/sift_feature_tracker.cpp.o[0m
[0.602s] [ 23%] [32mBuilding CXX object CMakeFiles/feature_trackers.dir/src/feature_tracker.cpp.o[0m
[0.612s] [ 30%] [32mBuilding CXX object CMakeFiles/optical_flow_farneback.dir/src/optical_flow_farneback.cpp.o[0m
[1.377s] [ 38%] [32mBuilding CXX object CMakeFiles/feature_trackers.dir/src/orb_feature_tracker.cpp.o[0m
[1.386s] [ 46%] [32mBuilding CXX object CMakeFiles/feature_trackers.dir/src/brisk_feature_tracker.cpp.o[0m
[1.392s] [ 53%] [32mBuilding CXX object CMakeFiles/feature_trackers.dir/src/lk_feature_tracker.cpp.o[0m
[1.406s] [ 61%] [32m[1mLinking CXX executable optical_flow_farneback[0m
[1.963s] [ 61%] Built target optical_flow_farneback
[1.973s] [ 69%] [32m[1mLinking CXX static library libfeature_trackers.a[0m
[1.989s] [ 69%] Built target feature_trackers
[1.997s] [ 76%] [32mBuilding CXX object CMakeFiles/self_flow.dir/src/self_flow.cpp.o[0m
[1.997s] [ 84%] [32mBuilding CXX object CMakeFiles/track_features.dir/src/track_features.cpp.o[0m
[4.308s] [ 92%] [32m[1mLinking CXX executable self_flow[0m
[4.405s] [100%] [32m[1mLinking CXX executable track_features[0m
[4.621s] [100%] Built target self_flow
[4.734s] [100%] Built target track_features
[4.739s] Invoked command in '/home/soumith/vnav/TEAM_7/lab3/build/lab_3' returned '0': CMAKE_PREFIX_PATH=${CMAKE_PREFIX_PATH}:/opt/ros/jazzy DEBUGINFOD_URLS=https://debuginfod.ubuntu.com /usr/bin/cmake --build /home/soumith/vnav/TEAM_7/lab3/build/lab_3 -- -j4 -l4
[4.743s] Invoking command in '/home/soumith/vnav/TEAM_7/lab3/build/lab_3': CMAKE_PREFIX_PATH=${CMAKE_PREFIX_PATH}:/opt/ros/jazzy DEBUGINFOD_URLS=https://debuginfod.ubuntu.com /usr/bin/cmake --install /home/soumith/vnav/TEAM_7/lab3/build/lab_3
[4.746s] -- Install configuration: ""
[4.746s] -- Execute custom install script
[4.746s] -- Symlinking: /home/soumith/vnav/TEAM_7/lab3/install/lab_3/include/lab_3/akaze_feature_tracker.h
[4.750s] -- Symlinking: /home/soumith/vnav/TEAM_7/lab3/install/lab_3/include/lab_3/brisk_feature_tracker.h
[4.753s] -- Symlinking: /home/soumith/vnav/TEAM_7/lab3/install/lab_3/include/lab_3/feature_tracker.h
[4.756s] -- Symlinking: /home/soumith/vnav/TEAM_7/lab3/install/lab_3/include/lab_3/lk_feature_tracker.h
[4.759s] -- Symlinking: /home/soumith/vnav/TEAM_7/lab3/install/lab_3/include/lab_3/orb_feature_tracker.h
[4.762s] -- Symlinking: /home/soumith/vnav/TEAM_7/lab3/install/lab_3/include/lab_3/ring_buffer.hpp
[4.765s] -- Symlinking: /home/soumith/vnav/TEAM_7/lab3/install/lab_3/include/lab_3/sift_feature_tracker.h
[4.769s] -- Symlinking: /home/soumith/vnav/TEAM_7/lab3/install/lab_3/share/lab_3/environment/library_path.sh
[4.772s] -- Symlinking: /home/soumith/vnav/TEAM_7/lab3/install/lab_3/share/lab_3/environment/library_path.dsv
[4.775s] -- Symlinking: /home/soumith/vnav/TEAM_7/lab3/install/lab_3/lib/lab_3/track_features
[4.778s] -- Symlinking: /home/soumith/vnav/TEAM_7/lab3/install/lab_3/lib/lab_3/self_flow
[4.784s] -- Symlinking: /home/soumith/vnav/TEAM_7/lab3/install/lab_3/share/lab_3/images/box.png
[4.788s] -- Symlinking: /home/soumith/vnav/TEAM_7/lab3/install/lab_3/share/lab_3/images/box_in_scene.png
[4.791s] -- Symlinking: /home/soumith/vnav/TEAM_7/lab3/install/lab_3/share/lab_3/images/greece.jpg
[4.794s] -- Symlinking: /home/soumith/vnav/TEAM_7/lab3/install/lab_3/share/lab_3/images/greece_in_scene.jpg
[4.798s] -- Symlinking: /home/soumith/vnav/TEAM_7/lab3/install/lab_3/share/lab_3/launch/self_flow.launch.yaml
[4.801s] -- Symlinking: /home/soumith/vnav/TEAM_7/lab3/install/lab_3/share/lab_3/launch/two_frames_tracking.launch.yaml
[4.804s] -- Symlinking: /home/soumith/vnav/TEAM_7/lab3/install/lab_3/share/lab_3/launch/video_tracking.launch.yaml
[4.807s] -- Symlinking: /home/soumith/vnav/TEAM_7/lab3/install/lab_3/share/lab_3/bags/.gitkeep
[4.810s] -- Symlinking: /home/soumith/vnav/TEAM_7/lab3/install/lab_3/lib/lab_3/optical_flow_farneback
[4.813s] -- Symlinking: /home/soumith/vnav/TEAM_7/lab3/install/lab_3/share/ament_index/resource_index/package_run_dependencies/lab_3
[4.817s] -- Symlinking: /home/soumith/vnav/TEAM_7/lab3/install/lab_3/share/ament_index/resource_index/parent_prefix_path/lab_3
[4.820s] -- Symlinking: /home/soumith/vnav/TEAM_7/lab3/install/lab_3/share/lab_3/environment/ament_prefix_path.sh
[4.823s] -- Symlinking: /home/soumith/vnav/TEAM_7/lab3/install/lab_3/share/lab_3/environment/ament_prefix_path.dsv
[4.826s] -- Symlinking: /home/soumith/vnav/TEAM_7/lab3/install/lab_3/share/lab_3/environment/path.sh
[4.830s] -- Symlinking: /home/soumith/vnav/TEAM_7/lab3/install/lab_3/share/lab_3/environment/path.dsv
[4.833s] -- Symlinking: /home/soumith/vnav/TEAM_7/lab3/install/lab_3/share/lab_3/local_setup.bash
[4.836s] -- Symlinking: /home/soumith/vnav/TEAM_7/lab3/install/lab_3/share/lab_3/local_setup.sh
[4.839s] -- Symlinking: /home/soumith/vnav/TEAM_7/lab3/install/lab_3/share/lab_3/local_setup.zsh
[4.842s] -- Symlinking: /home/soumith/vnav/TEAM_7/lab3/install/lab_3/share/lab_3/local_setup.dsv
[4.845s] -- Symlinking: /home/soumith/vnav/TEAM_7/lab3/install/lab_3/share/lab_3/package.dsv
[4.848s] -- Symlinking: /home/soumith/vnav/TEAM_7/lab3/install/lab_3/share/ament_index/resource_index/packages/lab_3
[4.851s] -- Symlinking: /home/soumith/vnav/TEAM_7/lab3/install/lab_3/share/lab_3/cmake/ament_cmake_export_targets-extras.cmake
[4.854s] -- Symlinking: /home/soumith/vnav/TEAM_7/lab3/install/lab_3/share/lab_3/cmake/lab_3Config.cmake
[4.857s] -- Symlinking: /home/soumith/vnav/TEAM_7/lab3/install/lab_3/share/lab_3/cmake/lab_3Config-version.cmake
[4.860s] -- Symlinking: /home/soumith/vnav/TEAM_7/lab3/install/lab_3/share/lab_3/package.xml
[4.863s] -- Installing: /home/soumith/vnav/TEAM_7/lab3/install/lab_3/lib/libfeature_trackers.a
[4.863s] -- Installing: /home/soumith/vnav/TEAM_7/lab3/install/lab_3/share/lab_3/cmake/export_lab_3Export.cmake
[4.863s] -- Installing: /home/soumith/vnav/TEAM_7/lab3/install/lab_3/share/lab_3/cmake/export_lab_3Export-noconfig.cmake
[4.864s] Invoked command in '/home/soumith/vnav/TEAM_7/lab3/build/lab_3' returned '0': CMAKE_PREFIX_PATH=${CMAKE_PREFIX_PATH}:/opt/ros/jazzy DEBUGINFOD_URLS=https://debuginfod.ubuntu.com /usr/bin/cmake --install /home/soumith/vnav/TEAM_7/lab3/build/lab_3
