[0.046s] DEBUG:colcon:Command line arguments: ['/usr/bin/colcon', 'build', '--symlink-install']
[0.046s] DEBUG:colcon:Parsed command line arguments: Namespace(log_base=None, log_level=None, verb_name='build', build_base='build', install_base='install', merge_install=False, symlink_install=True, test_result_base=None, continue_on_error=False, executor='parallel', parallel_workers=4, event_handlers=None, ignore_user_meta=False, metas=['./colcon.meta'], base_paths=['.'], packages_ignore=None, packages_ignore_regex=None, paths=None, packages_up_to=None, packages_up_to_regex=None, packages_above=None, packages_above_and_dependencies=None, packages_above_depth=None, packages_select_by_dep=None, packages_skip_by_dep=None, packages_skip_up_to=None, packages_select_build_failed=False, packages_skip_build_finished=False, packages_select_test_failures=False, packages_skip_test_passed=False, packages_select=None, packages_skip=None, packages_select_regex=None, packages_skip_regex=None, packages_start=None, packages_end=None, allow_overriding=[], cmake_args=None, cmake_target=None, cmake_target_skip_unavailable=False, cmake_clean_cache=False, cmake_clean_first=False, cmake_force_configure=False, ament_cmake_args=None, catkin_cmake_args=None, catkin_skip_building_tests=False, mixin_files=None, mixin=None, verb_parser=<colcon_mixin.mixin.mixin_argument.MixinArgumentDecorator object at 0xfea23cea94c0>, verb_extension=<colcon_core.verb.build.BuildVerb object at 0xfea23cea9190>, main=<bound method BuildVerb.main of <colcon_core.verb.build.BuildVerb object at 0xfea23cea9190>>, mixin_verb=('build',))
[0.062s] Level 1:colcon.colcon_core.package_discovery:discover_packages(colcon_meta) check parameters
[0.062s] Level 1:colcon.colcon_core.package_discovery:discover_packages(recursive) check parameters
[0.062s] Level 1:colcon.colcon_core.package_discovery:discover_packages(ignore) check parameters
[0.062s] Level 1:colcon.colcon_core.package_discovery:discover_packages(path) check parameters
[0.062s] Level 1:colcon.colcon_core.package_discovery:discover_packages(colcon_meta) discover
[0.062s] Level 1:colcon.colcon_core.package_discovery:discover_packages(recursive) discover
[0.062s] INFO:colcon.colcon_core.package_discovery:Crawling recursively for packages in '/home/soumith/vnav/TEAM_7/lab3'
[0.062s] Level 1:colcon.colcon_core.package_identification:_identify(.) by extensions ['ignore', 'ignore_ament_install']
[0.062s] Level 1:colcon.colcon_core.package_identification:_identify(.) by extension 'ignore'
[0.062s] Level 1:colcon.colcon_core.package_identification:_identify(.) by extension 'ignore_ament_install'
[0.062s] Level 1:colcon.colcon_core.package_identification:_identify(.) by extensions ['colcon_pkg']
[0.062s] Level 1:colcon.colcon_core.package_identification:_identify(.) by extension 'colcon_pkg'
[0.062s] Level 1:colcon.colcon_core.package_identification:_identify(.) by extensions ['colcon_meta']
[0.062s] Level 1:colcon.colcon_core.package_identification:_identify(.) by extension 'colcon_meta'
[0.062s] Level 1:colcon.colcon_core.package_identification:_identify(.) by extensions ['ros']
[0.062s] Level 1:colcon.colcon_core.package_identification:_identify(.) by extension 'ros'
[0.076s] DEBUG:colcon.colcon_core.package_identification:Package '.' with type 'ros.ament_cmake' and name 'lab_3'
[0.076s] Level 1:colcon.colcon_core.package_discovery:discover_packages(recursive) using defaults
[0.076s] Level 1:colcon.colcon_core.package_discovery:discover_packages(ignore) discover
[0.076s] Level 1:colcon.colcon_core.package_discovery:discover_packages(ignore) using defaults
[0.076s] Level 1:colcon.colcon_core.package_discovery:discover_packages(path) discover
[0.076s] Level 1:colcon.colcon_core.package_discovery:discover_packages(path) using defaults
[0.085s] Level 1:colcon.colcon_core.package_discovery:discover_packages(prefix_path) check parameters
[0.085s] Level 1:colcon.colcon_core.package_discovery:discover_packages(prefix_path) discover
[0.085s] WARNING:colcon.colcon_ros.prefix_path.ament:The path '/home/soumith/vnav/TEAM_7/lab3/install/lab_3' in the environment variable AMENT_PREFIX_PATH doesn't exist
[0.085s] WARNING:colcon.colcon_ros.prefix_path.catkin:The path '/home/soumith/vnav/TEAM_7/lab3/install/lab_3' in the environment variable CMAKE_PREFIX_PATH doesn't exist
[0.086s] DEBUG:colcon.colcon_installed_package_information.package_discovery:Found 0 installed packages in /home/soumith/vnav/TEAM_7/lab3/install
[0.086s] DEBUG:colcon.colcon_installed_package_information.package_discovery:Found 2 installed packages in /home/soumith/vnav_ws/install
[0.086s] DEBUG:colcon.colcon_installed_package_information.package_discovery:Found 285 installed packages in /opt/ros/jazzy
[0.087s] Level 1:colcon.colcon_core.package_discovery:discover_packages(prefix_path) using defaults
[0.113s] Level 5:colcon.colcon_core.verb:set package 'lab_3' build argument 'cmake_args' from command line to 'None'
[0.113s] Level 5:colcon.colcon_core.verb:set package 'lab_3' build argument 'cmake_target' from command line to 'None'
[0.113s] Level 5:colcon.colcon_core.verb:set package 'lab_3' build argument 'cmake_target_skip_unavailable' from command line to 'False'
[0.113s] Level 5:colcon.colcon_core.verb:set package 'lab_3' build argument 'cmake_clean_cache' from command line to 'False'
[0.113s] Level 5:colcon.colcon_core.verb:set package 'lab_3' build argument 'cmake_clean_first' from command line to 'False'
[0.113s] Level 5:colcon.colcon_core.verb:set package 'lab_3' build argument 'cmake_force_configure' from command line to 'False'
[0.113s] Level 5:colcon.colcon_core.verb:set package 'lab_3' build argument 'ament_cmake_args' from command line to 'None'
[0.113s] Level 5:colcon.colcon_core.verb:set package 'lab_3' build argument 'catkin_cmake_args' from command line to 'None'
[0.113s] Level 5:colcon.colcon_core.verb:set package 'lab_3' build argument 'catkin_skip_building_tests' from command line to 'False'
[0.113s] DEBUG:colcon.colcon_core.verb:Building package 'lab_3' with the following arguments: {'ament_cmake_args': None, 'build_base': '/home/soumith/vnav/TEAM_7/lab3/build/lab_3', 'catkin_cmake_args': None, 'catkin_skip_building_tests': False, 'cmake_args': None, 'cmake_clean_cache': False, 'cmake_clean_first': False, 'cmake_force_configure': False, 'cmake_target': None, 'cmake_target_skip_unavailable': False, 'install_base': '/home/soumith/vnav/TEAM_7/lab3/install/lab_3', 'merge_install': False, 'path': '/home/soumith/vnav/TEAM_7/lab3', 'symlink_install': True, 'test_result_base': None}
[0.114s] INFO:colcon.colcon_core.executor:Executing jobs using 'parallel' executor
[0.114s] DEBUG:colcon.colcon_parallel_executor.executor.parallel:run_until_complete
[0.114s] INFO:colcon.colcon_ros.task.ament_cmake.build:Building ROS package in '/home/soumith/vnav/TEAM_7/lab3' with build type 'ament_cmake'
[0.114s] INFO:colcon.colcon_cmake.task.cmake.build:Building CMake package in '/home/soumith/vnav/TEAM_7/lab3'
[0.115s] INFO:colcon.colcon_core.plugin_system:Skipping extension 'colcon_core.shell.bat': Not used on non-Windows systems
[0.115s] INFO:colcon.colcon_core.shell:Skip shell extension 'powershell' for command environment: Not usable outside of PowerShell
[0.115s] DEBUG:colcon.colcon_core.shell:Skip shell extension 'dsv' for command environment
[0.121s] DEBUG:colcon.colcon_core.event_handler.log_command:Invoking command in '/home/soumith/vnav/TEAM_7/lab3/build/lab_3': CMAKE_PREFIX_PATH=${CMAKE_PREFIX_PATH}:/opt/ros/jazzy DEBUGINFOD_URLS=https://debuginfod.ubuntu.com /usr/bin/cmake /home/soumith/vnav/TEAM_7/lab3 -DAMENT_CMAKE_SYMLINK_INSTALL=1 -DCMAKE_INSTALL_PREFIX=/home/soumith/vnav/TEAM_7/lab3/install/lab_3
[0.695s] DEBUG:colcon.colcon_core.event_handler.log_command:Invoked command in '/home/soumith/vnav/TEAM_7/lab3/build/lab_3' returned '0': CMAKE_PREFIX_PATH=${CMAKE_PREFIX_PATH}:/opt/ros/jazzy DEBUGINFOD_URLS=https://debuginfod.ubuntu.com /usr/bin/cmake /home/soumith/vnav/TEAM_7/lab3 -DAMENT_CMAKE_SYMLINK_INSTALL=1 -DCMAKE_INSTALL_PREFIX=/home/soumith/vnav/TEAM_7/lab3/install/lab_3
[0.695s] DEBUG:colcon.colcon_core.event_handler.log_command:Invoking command in '/home/soumith/vnav/TEAM_7/lab3/build/lab_3': CMAKE_PREFIX_PATH=${CMAKE_PREFIX_PATH}:/opt/ros/jazzy DEBUGINFOD_URLS=https://debuginfod.ubuntu.com /usr/bin/cmake --build /home/soumith/vnav/TEAM_7/lab3/build/lab_3 -- -j4 -l4
[4.853s] DEBUG:colcon.colcon_core.event_handler.log_command:Invoked command in '/home/soumith/vnav/TEAM_7/lab3/build/lab_3' returned '0': CMAKE_PREFIX_PATH=${CMAKE_PREFIX_PATH}:/opt/ros/jazzy DEBUGINFOD_URLS=https://debuginfod.ubuntu.com /usr/bin/cmake --build /home/soumith/vnav/TEAM_7/lab3/build/lab_3 -- -j4 -l4
[4.857s] DEBUG:colcon.colcon_core.event_handler.log_command:Invoking command in '/home/soumith/vnav/TEAM_7/lab3/build/lab_3': CMAKE_PREFIX_PATH=${CMAKE_PREFIX_PATH}:/opt/ros/jazzy DEBUGINFOD_URLS=https://debuginfod.ubuntu.com /usr/bin/cmake --install /home/soumith/vnav/TEAM_7/lab3/build/lab_3
[4.978s] Level 1:colcon.colcon_core.environment:create_environment_scripts_only(lab_3)
[4.979s] DEBUG:colcon.colcon_core.event_handler.log_command:Invoked command in '/home/soumith/vnav/TEAM_7/lab3/build/lab_3' returned '0': CMAKE_PREFIX_PATH=${CMAKE_PREFIX_PATH}:/opt/ros/jazzy DEBUGINFOD_URLS=https://debuginfod.ubuntu.com /usr/bin/cmake --install /home/soumith/vnav/TEAM_7/lab3/build/lab_3
[4.980s] Level 1:colcon.colcon_core.environment:checking '/home/soumith/vnav/TEAM_7/lab3/install/lab_3' for CMake module files
[4.980s] Level 1:colcon.colcon_core.environment:checking '/home/soumith/vnav/TEAM_7/lab3/install/lab_3' for CMake config files
[4.980s] Level 1:colcon.colcon_core.shell:create_environment_hook('lab_3', 'cmake_prefix_path')
[4.980s] INFO:colcon.colcon_core.shell:Creating environment hook '/home/soumith/vnav/TEAM_7/lab3/install/lab_3/share/lab_3/hook/cmake_prefix_path.ps1'
[4.981s] INFO:colcon.colcon_core.shell:Creating environment descriptor '/home/soumith/vnav/TEAM_7/lab3/install/lab_3/share/lab_3/hook/cmake_prefix_path.dsv'
[4.981s] INFO:colcon.colcon_core.shell:Creating environment hook '/home/soumith/vnav/TEAM_7/lab3/install/lab_3/share/lab_3/hook/cmake_prefix_path.sh'
[4.981s] Level 1:colcon.colcon_core.environment:checking '/home/soumith/vnav/TEAM_7/lab3/install/lab_3/lib'
[4.981s] Level 1:colcon.colcon_core.environment:checking '/home/soumith/vnav/TEAM_7/lab3/install/lab_3/bin'
[4.981s] Level 1:colcon.colcon_core.environment:checking '/home/soumith/vnav/TEAM_7/lab3/install/lab_3/lib/pkgconfig/lab_3.pc'
[4.981s] Level 1:colcon.colcon_core.environment:checking '/home/soumith/vnav/TEAM_7/lab3/install/lab_3/lib/python3.12/site-packages'
[4.982s] Level 1:colcon.colcon_core.environment:checking '/home/soumith/vnav/TEAM_7/lab3/install/lab_3/bin'
[4.982s] INFO:colcon.colcon_core.shell:Creating package script '/home/soumith/vnav/TEAM_7/lab3/install/lab_3/share/lab_3/package.ps1'
[4.982s] INFO:colcon.colcon_core.shell:Creating package descriptor '/home/soumith/vnav/TEAM_7/lab3/install/lab_3/share/lab_3/package.dsv'
[4.982s] INFO:colcon.colcon_core.shell:Creating package script '/home/soumith/vnav/TEAM_7/lab3/install/lab_3/share/lab_3/package.sh'
[4.982s] INFO:colcon.colcon_core.shell:Creating package script '/home/soumith/vnav/TEAM_7/lab3/install/lab_3/share/lab_3/package.bash'
[4.982s] INFO:colcon.colcon_core.shell:Creating package script '/home/soumith/vnav/TEAM_7/lab3/install/lab_3/share/lab_3/package.zsh'
[4.983s] Level 1:colcon.colcon_core.environment:create_file_with_runtime_dependencies(/home/soumith/vnav/TEAM_7/lab3/install/lab_3/share/colcon-core/packages/lab_3)
[4.983s] Level 1:colcon.colcon_core.environment:create_environment_scripts_only(lab_3)
[4.983s] Level 1:colcon.colcon_core.environment:checking '/home/soumith/vnav/TEAM_7/lab3/install/lab_3' for CMake module files
[4.983s] Level 1:colcon.colcon_core.environment:checking '/home/soumith/vnav/TEAM_7/lab3/install/lab_3' for CMake config files
[4.983s] Level 1:colcon.colcon_core.shell:create_environment_hook('lab_3', 'cmake_prefix_path')
[4.983s] INFO:colcon.colcon_core.shell:Creating environment hook '/home/soumith/vnav/TEAM_7/lab3/install/lab_3/share/lab_3/hook/cmake_prefix_path.ps1'
[4.983s] INFO:colcon.colcon_core.shell:Creating environment descriptor '/home/soumith/vnav/TEAM_7/lab3/install/lab_3/share/lab_3/hook/cmake_prefix_path.dsv'
[4.984s] INFO:colcon.colcon_core.shell:Creating environment hook '/home/soumith/vnav/TEAM_7/lab3/install/lab_3/share/lab_3/hook/cmake_prefix_path.sh'
[4.984s] Level 1:colcon.colcon_core.environment:checking '/home/soumith/vnav/TEAM_7/lab3/install/lab_3/lib'
[4.984s] Level 1:colcon.colcon_core.environment:checking '/home/soumith/vnav/TEAM_7/lab3/install/lab_3/bin'
[4.984s] Level 1:colcon.colcon_core.environment:checking '/home/soumith/vnav/TEAM_7/lab3/install/lab_3/lib/pkgconfig/lab_3.pc'
[4.984s] Level 1:colcon.colcon_core.environment:checking '/home/soumith/vnav/TEAM_7/lab3/install/lab_3/lib/python3.12/site-packages'
[4.984s] Level 1:colcon.colcon_core.environment:checking '/home/soumith/vnav/TEAM_7/lab3/install/lab_3/bin'
[4.984s] INFO:colcon.colcon_core.shell:Creating package script '/home/soumith/vnav/TEAM_7/lab3/install/lab_3/share/lab_3/package.ps1'
[4.985s] INFO:colcon.colcon_core.shell:Creating package descriptor '/home/soumith/vnav/TEAM_7/lab3/install/lab_3/share/lab_3/package.dsv'
[4.985s] INFO:colcon.colcon_core.shell:Creating package script '/home/soumith/vnav/TEAM_7/lab3/install/lab_3/share/lab_3/package.sh'
[4.985s] INFO:colcon.colcon_core.shell:Creating package script '/home/soumith/vnav/TEAM_7/lab3/install/lab_3/share/lab_3/package.bash'
[4.985s] INFO:colcon.colcon_core.shell:Creating package script '/home/soumith/vnav/TEAM_7/lab3/install/lab_3/share/lab_3/package.zsh'
[4.985s] Level 1:colcon.colcon_core.environment:create_file_with_runtime_dependencies(/home/soumith/vnav/TEAM_7/lab3/install/lab_3/share/colcon-core/packages/lab_3)
[4.985s] DEBUG:colcon.colcon_parallel_executor.executor.parallel:closing loop
[4.986s] DEBUG:colcon.colcon_parallel_executor.executor.parallel:loop closed
[4.986s] DEBUG:colcon.colcon_parallel_executor.executor.parallel:run_until_complete finished with '0'
[4.986s] DEBUG:colcon.colcon_core.event_reactor:joining thread
[4.989s] INFO:colcon.colcon_core.plugin_system:Skipping extension 'colcon_notification.desktop_notification.terminal_notifier': Not used on non-Darwin systems
[4.989s] INFO:colcon.colcon_core.plugin_system:Skipping extension 'colcon_notification.desktop_notification.win32': Not used on non-Windows systems
[4.989s] INFO:colcon.colcon_notification.desktop_notification:Sending desktop notification using 'notify2'
[5.006s] DEBUG:colcon.colcon_core.event_reactor:joined thread
[5.006s] INFO:colcon.colcon_core.shell:Creating prefix script '/home/soumith/vnav/TEAM_7/lab3/install/local_setup.ps1'
[5.007s] INFO:colcon.colcon_core.shell:Creating prefix util module '/home/soumith/vnav/TEAM_7/lab3/install/_local_setup_util_ps1.py'
[5.008s] INFO:colcon.colcon_core.shell:Creating prefix chain script '/home/soumith/vnav/TEAM_7/lab3/install/setup.ps1'
[5.008s] INFO:colcon.colcon_core.shell:Creating prefix script '/home/soumith/vnav/TEAM_7/lab3/install/local_setup.sh'
[5.009s] INFO:colcon.colcon_core.shell:Creating prefix util module '/home/soumith/vnav/TEAM_7/lab3/install/_local_setup_util_sh.py'
[5.009s] INFO:colcon.colcon_core.shell:Creating prefix chain script '/home/soumith/vnav/TEAM_7/lab3/install/setup.sh'
[5.009s] INFO:colcon.colcon_core.shell:Creating prefix script '/home/soumith/vnav/TEAM_7/lab3/install/local_setup.bash'
[5.010s] INFO:colcon.colcon_core.shell:Creating prefix chain script '/home/soumith/vnav/TEAM_7/lab3/install/setup.bash'
[5.010s] INFO:colcon.colcon_core.shell:Creating prefix script '/home/soumith/vnav/TEAM_7/lab3/install/local_setup.zsh'
[5.010s] INFO:colcon.colcon_core.shell:Creating prefix chain script '/home/soumith/vnav/TEAM_7/lab3/install/setup.zsh'
